Naive approach: Final reward for trained episodes 126 and depth:1 is -21.0
Naive approach: Final reward for trained episodes 126 and depth:2 is -21.0
Naive approach: Final reward for trained episodes 126 and depth:3 is -21.0
Naive approach: Final reward for trained episodes 126 and depth:4 is -21.0
Naive approach: Final reward for trained episodes 126 and depth:5 is -21.0
Naive approach: Final reward for trained episodes 126 and depth:6 is -21.0
Naive approach: Final reward for trained episodes 126 and depth:7 is -20.5
Naive approach: Final reward for trained episodes 126 and depth:8 is -20.5
Naive approach: Final reward for trained episodes 126 and depth:9 is -21.0
Naive approach: Final reward for trained episodes 126 and depth:10 is -20.8
Naive approach: Final reward for trained episodes 126 and depth:11 is -20.44
Naive approach: Final reward for trained episodes 126 and depth:12 is -10.08
Naive approach: Final reward for trained episodes 126 and depth:13 is 0.18
Naive approach: Final reward for trained episodes 126 and depth:14 is -8.56
Naive approach: Final reward for trained episodes 126 and depth:15 is 1.4
Naive approach: Final reward for trained episodes 126 and depth:16 is -8.16
Naive approach: Final reward for trained episodes 126 and depth:17 is 1.68
Naive approach: Final reward for trained episodes 126 and depth:18 is 0.48
Naive approach: Final reward for trained episodes 126 and depth:19 is -13.92
Naive approach: Final reward for trained episodes 126 and depth:20 is 11.16
Naive approach: Final reward for trained episodes 126 and depth:21 is -10.2
Naive approach: Final reward for trained DT_Gini episodes 800 and depth:1 is -21.0
Naive approach: Final reward for trained DT_Gini episodes 800 and depth:2 is -21.0
Naive approach: Final reward for trained DT_Gini episodes 800 and depth:3 is -21.0
Naive approach: Final reward for trained DT_Gini episodes 800 and depth:4 is -21.0
Naive approach: Final reward for trained DT_Gini episodes 800 and depth:5 is -21.0
Naive approach: Final reward for trained DT_Gini episodes 800 and depth:6 is -20.72
Naive approach: Final reward for trained DT_Gini episodes 800 and depth:7 is -20.56
Naive approach: Final reward for trained DT_Gini episodes 800 and depth:8 is -21.0
Naive approach: Final reward for trained DT_Gini episodes 800 and depth:9 is -20.64
Naive approach: Final reward for trained DT_Gini episodes 800 and depth:10 is -21.0
Naive approach: Final reward for trained DT_Gini episodes 800 and depth:11 is -21.0
Naive approach: Final reward for trained DT_Gini episodes 800 and depth:12 is -10.92
Naive approach: Final reward for trained DT_Gini episodes 800 and depth:13 is -21.0
Naive approach: Final reward for trained DT_Gini episodes 800 and depth:14 is 6.8
Naive approach: Final reward for trained DT_Gini episodes 800 and depth:15 is 14.44
Naive approach: Final reward for trained DT_Gini episodes 800 and depth:16 is 0.0
Naive approach: Final reward for trained DT_Gini episodes 800 and depth:17 is -2.36
Naive approach: Final reward for trained DT_Gini episodes 800 and depth:18 is -1.42
Naive approach: Final reward for trained DT_Gini episodes 800 and depth:19 is 4.4
Naive approach: Final reward for trained DT_Gini episodes 800 and depth:20 is 14.44
Naive approach: Final reward for trained DT_Entropy episodes 126 and depth:1 is -21.0
Naive approach: Final reward for trained DT_Entropy episodes 126 and depth:2 is -20.72
Naive approach: Final reward for trained DT_Entropy episodes 126 and depth:3 is -20.68
Naive approach: Final reward for trained DT_Entropy episodes 126 and depth:4 is -20.14
Naive approach: Final reward for trained DT_Entropy episodes 126 and depth:5 is -20.46
Naive approach: Final reward for trained DT_Entropy episodes 126 and depth:6 is -21.0
Naive approach: Final reward for trained DT_Entropy episodes 126 and depth:7 is -21.0
Naive approach: Final reward for trained DT_Entropy episodes 126 and depth:8 is -20.58
Naive approach: Final reward for trained DT_Entropy episodes 126 and depth:9 is -20.76
Naive approach: Final reward for trained DT_Entropy episodes 126 and depth:10 is -9.12
Naive approach: Final reward for trained DT_Entropy episodes 126 and depth:11 is -7.88
Naive approach: Final reward for trained DT_Entropy episodes 126 and depth:12 is 18.4
Naive approach: Final reward for trained DT_Entropy episodes 126 and depth:13 is -5.12
Naive approach: Final reward for trained DT_Entropy episodes 126 and depth:14 is -14.26
Naive approach: Final reward for trained DT_Entropy episodes 126 and depth:15 is 20.14
Naive approach: Final reward for trained DT_Entropy episodes 126 and depth:16 is 1.32
Naive approach: Final reward for trained DT_Entropy episodes 126 and depth:17 is 11.86
Naive approach: Final reward for trained DT_Entropy episodes 800 and depth:1 is -21.0
Naive approach: Final reward for trained DT_Entropy episodes 800 and depth:2 is -20.28
Naive approach: Final reward for trained DT_Entropy episodes 800 and depth:3 is -21.0
Naive approach: Final reward for trained DT_Entropy episodes 800 and depth:4 is -20.7
Naive approach: Final reward for trained DT_Entropy episodes 800 and depth:5 is -19.66
Naive approach: Final reward for trained DT_Entropy episodes 800 and depth:6 is -19.28
Naive approach: Final reward for trained DT_Entropy episodes 800 and depth:7 is -21.0
Naive approach: Final reward for trained DT_Entropy episodes 800 and depth:8 is -21.0
Naive approach: Final reward for trained DT_Entropy episodes 800 and depth:9 is -17.64
Naive approach: Final reward for trained DT_Entropy episodes 800 and depth:10 is -14.62
Naive approach: Final reward for trained DT_Entropy episodes 800 and depth:11 is -21.0
Naive approach: Final reward for trained DT_Entropy episodes 800 and depth:12 is -7.94
Naive approach: Final reward for trained DT_Entropy episodes 800 and depth:13 is -6.66
Naive approach: Final reward for trained DT_Entropy episodes 800 and depth:14 is -3.18
Naive approach: Final reward for trained DT_Entropy episodes 800 and depth:15 is -19.3
Naive approach: Final reward for trained DT_Entropy episodes 800 and depth:16 is -15.38
Naive approach: Final reward for trained DT_Entropy episodes 800 and depth:17 is -6.36
Naive approach: Final reward for trained DT_Entropy episodes 800 and depth:18 is -20.56
Naive approach: Final reward for trained DT_Entropy episodes 800 and depth:1 is -21.0
Naive approach: Final reward for trained DT_Entropy episodes 800 and depth:2 is -20.5
Naive approach: Final reward for trained DT_Entropy episodes 800 and depth:3 is -21.0
Naive approach: Final reward for trained DT_Entropy episodes 800 and depth:4 is -20.74
Naive approach: Final reward for trained DT_Entropy episodes 800 and depth:5 is -19.66
Naive approach: Final reward for trained DT_Entropy episodes 800 and depth:6 is -18.04
Naive approach: Final reward for trained DT_Entropy episodes 800 and depth:7 is -21.0
Naive approach: Final reward for trained DT_Entropy episodes 800 and depth:8 is -21.0
Naive approach: Final reward for trained DT_Entropy episodes 800 and depth:9 is -21.0
Naive approach: Final reward for trained DT_Entropy episodes 800 and depth:10 is -21.0
Naive approach: Final reward for trained DT_Entropy episodes 800 and depth:11 is -3.96
Naive approach: Final reward for trained DT_Entropy episodes 800 and depth:12 is -4.86
Naive approach: Final reward for trained DT_Entropy episodes 800 and depth:13 is 3.58
Naive approach: Final reward for trained DT_Entropy episodes 800 and depth:14 is 4.58
Naive approach: Final reward for trained DT_Entropy episodes 800 and depth:15 is 5.66
Naive approach: Final reward for trained DT_Entropy episodes 800 and depth:16 is -9.82
Naive approach: Final reward for trained DT_Entropy episodes 800 and depth:17 is -3.06
Naive approach: Final reward for trained DT_Entropy episodes 800 and depth:18 is -7.7
Naive approach: Final reward for trained DT_Gini episodes 800 and depth:1 is -21.0
Naive approach: Final reward for trained DT_Gini episodes 800 and depth:2 is -21.0
Naive approach: Final reward for trained DT_Gini episodes 800 and depth:3 is -21.0
Naive approach: Final reward for trained DT_Gini episodes 800 and depth:4 is -21.0
Naive approach: Final reward for trained DT_Gini episodes 800 and depth:5 is -21.0
Naive approach: Final reward for trained DT_Gini episodes 800 and depth:6 is -20.74
Naive approach: Final reward for trained DT_Gini episodes 800 and depth:7 is -20.52
Naive approach: Final reward for trained DT_Gini episodes 800 and depth:8 is -21.0
Naive approach: Final reward for trained DT_Gini episodes 800 and depth:9 is -21.0
Naive approach: Final reward for trained DT_Gini episodes 800 and depth:10 is -21.0
Naive approach: Final reward for trained DT_Gini episodes 800 and depth:11 is -21.0
Naive approach: Final reward for trained DT_Gini episodes 800 and depth:12 is 0.82
Naive approach: Final reward for trained DT_Gini episodes 800 and depth:13 is -12.6
Naive approach: Final reward for trained DT_Gini episodes 800 and depth:14 is -8.0
Naive approach: Final reward for trained DT_Gini episodes 800 and depth:15 is -1.68
Naive approach: Final reward for trained DT_Gini episodes 800 and depth:16 is -10.94
Naive approach: Final reward for trained DT_Gini episodes 800 and depth:17 is 11.16
Naive approach: Final reward for trained DT_Gini episodes 800 and depth:18 is -0.86
Naive approach: Final reward for trained DT_Gini episodes 800 and depth:19 is 0.0
Naive approach: Final reward for trained DT_Gini episodes 800 and depth:20 is -10.2
Naive approach: Final reward in 100 rollouts for trained DT_Entropy episodes 800 and depth:1 is -21.0
Naive approach: Final reward in 100 rollouts for trained DT_Entropy episodes 800 and depth:2 is -20.27
Naive approach: Final reward in 100 rollouts for trained DT_Entropy episodes 800 and depth:3 is -21.0
Naive approach: Final reward in 100 rollouts for trained DT_Entropy episodes 800 and depth:4 is -20.7
Naive approach: Final reward in 100 rollouts for trained DT_Entropy episodes 800 and depth:5 is -19.6
Naive approach: Final reward in 100 rollouts for trained DT_Entropy episodes 800 and depth:6 is -18.4
Naive approach: Final reward in 100 rollouts for trained DT_Entropy episodes 800 and depth:7 is -21.0
Naive approach: Final reward in 100 rollouts for trained DT_Entropy episodes 800 and depth:8 is -21.0
Naive approach: Final reward in 100 rollouts for trained DT_Entropy episodes 800 and depth:9 is -21.0
Naive approach: Final reward in 100 rollouts for trained DT_Entropy episodes 800 and depth:10 is -21.0
Naive approach: Final reward in 100 rollouts for trained DT_Entropy episodes 800 and depth:11 is -10.66
Naive approach: Final reward in 100 rollouts for trained DT_Entropy episodes 800 and depth:12 is -0.81
Naive approach: Final reward in 100 rollouts for trained DT_Entropy episodes 800 and depth:13 is 1.45
Naive approach: Final reward in 100 rollouts for trained DT_Entropy episodes 800 and depth:14 is -1.09
Naive approach: Final reward in 100 rollouts for trained DT_Entropy episodes 800 and depth:15 is 11.97
Naive approach: Final reward in 100 rollouts for trained DT_Entropy episodes 800 and depth:16 is -11.91
Naive approach: Final reward in 100 rollouts for trained DT_Entropy episodes 800 and depth:17 is -3.46
Naive approach: Final reward in 100 rollouts for trained DT_Entropy episodes 800 and depth:18 is -7.29
